# JRE version: OpenJDK Runtime Environment (8.0_242-b01) (build 1.8.0_242-release-1644-b01)
# Java VM: OpenJDK 64-Bit Server VM (25.242-b01 mixed mode windows-amd64 compressed oops)
Heap:
 PSYoungGen      total 200192K, used 109298K [0x00000000d5580000, 0x00000000e4400000, 0x0000000100000000)
  eden space 181760K, 49% used [0x00000000d5580000,0x00000000dae3cf10,0x00000000e0700000)
  from space 18432K, 99% used [0x00000000e0700000,0x00000000e18ffac0,0x00000000e1900000)
  to   space 23040K, 0% used [0x00000000e2d80000,0x00000000e2d80000,0x00000000e4400000)
 ParOldGen       total 89088K, used 36447K [0x0000000080000000, 0x0000000085700000, 0x00000000d5580000)
  object space 89088K, 40% used [0x0000000080000000,0x0000000082397f98,0x0000000085700000)
 Metaspace       used 78839K, capacity 82936K, committed 83160K, reserved 1120256K
  class space    used 10689K, capacity 11460K, committed 11520K, reserved 1048576K
GC Heap History (10 events):
Event: 36.718 GC heap before
{Heap before GC invocations=16 (full 2):
 PSYoungGen      total 126976K, used 125107K [0x00000000d5580000, 0x00000000df600000, 0x0000000100000000)
  eden space 115200K, 100% used [0x00000000d5580000,0x00000000dc600000,0x00000000dc600000)
  from space 11776K, 84% used [0x00000000dc600000,0x00000000dcface28,0x00000000dd180000)
  to   space 12800K, 0% used [0x00000000de980000,0x00000000de980000,0x00000000df600000)
 ParOldGen       total 57856K, used 24308K [0x0000000080000000, 0x0000000083880000, 0x00000000d5580000)
  object space 57856K, 42% used [0x0000000080000000,0x00000000817bd358,0x0000000083880000)
 Metaspace       used 56085K, capacity 58548K, committed 58840K, reserved 1099776K
  class space    used 7363K, capacity 7836K, committed 7936K, reserved 1048576K
Event: 36.870 GC heap after
Heap after GC invocations=16 (full 2):
 PSYoungGen      total 147968K, used 12788K [0x00000000d5580000, 0x00000000e0300000, 0x0000000100000000)
  eden space 135168K, 0% used [0x00000000d5580000,0x00000000d5580000,0x00000000dd980000)
  from space 12800K, 99% used [0x00000000de980000,0x00000000df5fd2f0,0x00000000df600000)
  to   space 16384K, 0% used [0x00000000dd980000,0x00000000dd980000,0x00000000de980000)
 ParOldGen       total 57856K, used 29571K [0x0000000080000000, 0x0000000083880000, 0x00000000d5580000)
  object space 57856K, 51% used [0x0000000080000000,0x0000000081ce0c80,0x0000000083880000)
 Metaspace       used 56085K, capacity 58548K, committed 58840K, reserved 1099776K
  class space    used 7363K, capacity 7836K, committed 7936K, reserved 1048576K
}
Event: 38.981 GC heap before
{Heap before GC invocations=17 (full 2):
 PSYoungGen      total 147968K, used 27435K [0x00000000d5580000, 0x00000000e0300000, 0x0000000100000000)
  eden space 135168K, 10% used [0x00000000d5580000,0x00000000d63cda30,0x00000000dd980000)
  from space 12800K, 99% used [0x00000000de980000,0x00000000df5fd2f0,0x00000000df600000)
  to   space 16384K, 0% used [0x00000000dd980000,0x00000000dd980000,0x00000000de980000)
 ParOldGen       total 57856K, used 29571K [0x0000000080000000, 0x0000000083880000, 0x00000000d5580000)
  object space 57856K, 51% used [0x0000000080000000,0x0000000081ce0c80,0x0000000083880000)
 Metaspace       used 56496K, capacity 58986K, committed 59028K, reserved 1099776K
  class space    used 7421K, capacity 7915K, committed 7936K, reserved 1048576K
Event: 39.225 GC heap after
Heap after GC invocations=17 (full 2):
 PSYoungGen      total 151552K, used 1032K [0x00000000d5580000, 0x00000000e2e80000, 0x0000000100000000)
  eden space 135168K, 0% used [0x00000000d5580000,0x00000000d5580000,0x00000000dd980000)
  from space 16384K, 6% used [0x00000000dd980000,0x00000000dda821f8,0x00000000de980000)
  to   space 16896K, 0% used [0x00000000e1e00000,0x00000000e1e00000,0x00000000e2e80000)
 ParOldGen       total 57856K, used 42113K [0x0000000080000000, 0x0000000083880000, 0x00000000d5580000)
  object space 57856K, 72% used [0x0000000080000000,0x00000000829205c8,0x0000000083880000)
 Metaspace       used 56496K, capacity 58986K, committed 59028K, reserved 1099776K
  class space    used 7421K, capacity 7915K, committed 7936K, reserved 1048576K
}
Event: 39.232 GC heap before
{Heap before GC invocations=18 (full 3):
 PSYoungGen      total 151552K, used 1032K [0x00000000d5580000, 0x00000000e2e80000, 0x0000000100000000)
  eden space 135168K, 0% used [0x00000000d5580000,0x00000000d5580000,0x00000000dd980000)
  from space 16384K, 6% used [0x00000000dd980000,0x00000000dda821f8,0x00000000de980000)
  to   space 16896K, 0% used [0x00000000e1e00000,0x00000000e1e00000,0x00000000e2e80000)
 ParOldGen       total 57856K, used 42113K [0x0000000080000000, 0x0000000083880000, 0x00000000d5580000)
  object space 57856K, 72% used [0x0000000080000000,0x00000000829205c8,0x0000000083880000)
 Metaspace       used 56496K, capacity 58986K, committed 59028K, reserved 1099776K
  class space    used 7421K, capacity 7915K, committed 7936K, reserved 1048576K
Event: 40.776 GC heap after
Heap after GC invocations=18 (full 3):
 PSYoungGen      total 151552K, used 0K [0x00000000d5580000, 0x00000000e2e80000, 0x0000000100000000)
  eden space 135168K, 0% used [0x00000000d5580000,0x00000000d5580000,0x00000000dd980000)
  from space 16384K, 0% used [0x00000000dd980000,0x00000000dd980000,0x00000000de980000)
  to   space 16896K, 0% used [0x00000000e1e00000,0x00000000e1e00000,0x00000000e2e80000)
 ParOldGen       total 89088K, used 31415K [0x0000000080000000, 0x0000000085700000, 0x00000000d5580000)
  object space 89088K, 35% used [0x0000000080000000,0x0000000081eade98,0x0000000085700000)
 Metaspace       used 56373K, capacity 58644K, committed 59028K, reserved 1099776K
  class space    used 7387K, capacity 7868K, committed 7936K, reserved 1048576K
}
Event: 50.835 GC heap before
{Heap before GC invocations=19 (full 3):
 PSYoungGen      total 151552K, used 135168K [0x00000000d5580000, 0x00000000e2e80000, 0x0000000100000000)
  eden space 135168K, 100% used [0x00000000d5580000,0x00000000dd980000,0x00000000dd980000)
  from space 16384K, 0% used [0x00000000dd980000,0x00000000dd980000,0x00000000de980000)
  to   space 16896K, 0% used [0x00000000e1e00000,0x00000000e1e00000,0x00000000e2e80000)
 ParOldGen       total 89088K, used 31415K [0x0000000080000000, 0x0000000085700000, 0x00000000d5580000)
  object space 89088K, 35% used [0x0000000080000000,0x0000000081eade98,0x0000000085700000)
 Metaspace       used 64625K, capacity 67246K, committed 67416K, reserved 1107968K
  class space    used 8712K, capacity 9253K, committed 9344K, reserved 1048576K
Event: 50.941 GC heap after
Heap after GC invocations=19 (full 3):
 PSYoungGen      total 182784K, used 13251K [0x00000000d5580000, 0x00000000e2b00000, 0x0000000100000000)
  eden space 169472K, 0% used [0x00000000d5580000,0x00000000d5580000,0x00000000dfb00000)
  from space 13312K, 99% used [0x00000000e1e00000,0x00000000e2af0cb0,0x00000000e2b00000)
  to   space 18432K, 0% used [0x00000000e0700000,0x00000000e0700000,0x00000000e1900000)
 ParOldGen       total 89088K, used 31423K [0x0000000080000000, 0x0000000085700000, 0x00000000d5580000)
  object space 89088K, 35% used [0x0000000080000000,0x0000000081eafe98,0x0000000085700000)
 Metaspace       used 64625K, capacity 67246K, committed 67416K, reserved 1107968K
  class space    used 8712K, capacity 9253K, committed 9344K, reserved 1048576K
}
Event: 68.171 GC heap before
{Heap before GC invocations=20 (full 3):
 PSYoungGen      total 182784K, used 182723K [0x00000000d5580000, 0x00000000e2b00000, 0x0000000100000000)
  eden space 169472K, 100% used [0x00000000d5580000,0x00000000dfb00000,0x00000000dfb00000)
  from space 13312K, 99% used [0x00000000e1e00000,0x00000000e2af0cb0,0x00000000e2b00000)
  to   space 18432K, 0% used [0x00000000e0700000,0x00000000e0700000,0x00000000e1900000)
 ParOldGen       total 89088K, used 31423K [0x0000000080000000, 0x0000000085700000, 0x00000000d5580000)
  object space 89088K, 35% used [0x0000000080000000,0x0000000081eafe98,0x0000000085700000)
 Metaspace       used 74973K, capacity 78152K, committed 78424K, reserved 1116160K
  class space    used 10224K, capacity 10864K, committed 10880K, reserved 1048576K
Event: 68.669 GC heap after
Heap after GC invocations=20 (full 3):
 PSYoungGen      total 200192K, used 18430K [0x00000000d5580000, 0x00000000e4400000, 0x0000000100000000)
  eden space 181760K, 0% used [0x00000000d5580000,0x00000000d5580000,0x00000000e0700000)
  from space 18432K, 99% used [0x00000000e0700000,0x00000000e18ffac0,0x00000000e1900000)
  to   space 23040K, 0% used [0x00000000e2d80000,0x00000000e2d80000,0x00000000e4400000)
 ParOldGen       total 89088K, used 36447K [0x0000000080000000, 0x0000000085700000, 0x00000000d5580000)
  object space 89088K, 40% used [0x0000000080000000,0x0000000082397f98,0x0000000085700000)
 Metaspace       used 74973K, capacity 78152K, committed 78424K, reserved 1116160K
  class space    used 10224K, capacity 10864K, committed 10880K, reserved 1048576K
}

